<?xml version="1.0" encoding="UTF-8"?>
<testsuite xmlns:xsi="http://www.w3.org/2001/XMLSchema-instance" xsi:noNamespaceSchemaLocation="https://maven.apache.org/surefire/maven-surefire-plugin/xsd/surefire-test-report.xsd" name="org.acme.ExampleResourceTest" time="31.024" tests="1" errors="0" skipped="0" failures="0">
  <properties>
    <property name="awt.toolkit" value="sun.awt.X11.XToolkit"/>
    <property name="file.encoding.pkg" value="sun.io"/>
    <property name="java.specification.version" value="1.8"/>
    <property name="sun.cpu.isalist" value=""/>
    <property name="sun.jnu.encoding" value="UTF-8"/>
    <property name="java.class.path" value="/opt/workspace/code/openshift-test/target/test-classes:/opt/workspace/code/openshift-test/target/classes:/home/pesilva/.m2/repository/io/quarkus/quarkus-resteasy/1.3.2.Final/quarkus-resteasy-1.3.2.Final.jar:/home/pesilva/.m2/repository/io/quarkus/quarkus-vertx-http/1.3.2.Final/quarkus-vertx-http-1.3.2.Final.jar:/home/pesilva/.m2/repository/io/quarkus/quarkus-development-mode-spi/1.3.2.Final/quarkus-development-mode-spi-1.3.2.Final.jar:/home/pesilva/.m2/repository/io/quarkus/security/quarkus-security/1.0.1.Final/quarkus-security-1.0.1.Final.jar:/home/pesilva/.m2/repository/jakarta/enterprise/jakarta.enterprise.cdi-api/2.0.2/jakarta.enterprise.cdi-api-2.0.2.jar:/home/pesilva/.m2/repository/jakarta/el/jakarta.el-api/3.0.3/jakarta.el-api-3.0.3.jar:/home/pesilva/.m2/repository/jakarta/interceptor/jakarta.interceptor-api/1.2.5/jakarta.interceptor-api-1.2.5.jar:/home/pesilva/.m2/repository/io/quarkus/quarkus-vertx-core/1.3.2.Final/quarkus-vertx-core-1.3.2.Final.jar:/home/pesilva/.m2/repository/io/quarkus/quarkus-netty/1.3.2.Final/quarkus-netty-1.3.2.Final.jar:/home/pesilva/.m2/repository/io/netty/netty-codec/4.1.45.Final/netty-codec-4.1.45.Final.jar:/home/pesilva/.m2/repository/io/netty/netty-handler/4.1.45.Final/netty-handler-4.1.45.Final.jar:/home/pesilva/.m2/repository/io/vertx/vertx-core/3.8.5/vertx-core-3.8.5.jar:/home/pesilva/.m2/repository/io/netty/netty-common/4.1.45.Final/netty-common-4.1.45.Final.jar:/home/pesilva/.m2/repository/io/netty/netty-buffer/4.1.45.Final/netty-buffer-4.1.45.Final.jar:/home/pesilva/.m2/repository/io/netty/netty-transport/4.1.45.Final/netty-transport-4.1.45.Final.jar:/home/pesilva/.m2/repository/io/netty/netty-handler-proxy/4.1.45.Final/netty-handler-proxy-4.1.45.Final.jar:/home/pesilva/.m2/repository/io/netty/netty-codec-socks/4.1.45.Final/netty-codec-socks-4.1.45.Final.jar:/home/pesilva/.m2/repository/io/netty/netty-codec-http/4.1.45.Final/netty-codec-http-4.1.45.Final.jar:/home/pesilva/.m2/repository/io/netty/netty-codec-http2/4.1.45.Final/netty-codec-http2-4.1.45.Final.jar:/home/pesilva/.m2/repository/io/netty/netty-resolver/4.1.45.Final/netty-resolver-4.1.45.Final.jar:/home/pesilva/.m2/repository/io/netty/netty-resolver-dns/4.1.45.Final/netty-resolver-dns-4.1.45.Final.jar:/home/pesilva/.m2/repository/io/netty/netty-codec-dns/4.1.45.Final/netty-codec-dns-4.1.45.Final.jar:/home/pesilva/.m2/repository/com/fasterxml/jackson/core/jackson-core/2.10.2/jackson-core-2.10.2.jar:/home/pesilva/.m2/repository/io/vertx/vertx-web/3.8.5/vertx-web-3.8.5.jar:/home/pesilva/.m2/repository/io/vertx/vertx-web-common/3.8.5/vertx-web-common-3.8.5.jar:/home/pesilva/.m2/repository/io/vertx/vertx-auth-common/3.8.5/vertx-auth-common-3.8.5.jar:/home/pesilva/.m2/repository/io/vertx/vertx-bridge-common/3.8.5/vertx-bridge-common-3.8.5.jar:/home/pesilva/.m2/repository/io/quarkus/quarkus-resteasy-server-common/1.3.2.Final/quarkus-resteasy-server-common-1.3.2.Final.jar:/home/pesilva/.m2/repository/io/quarkus/quarkus-resteasy-common/1.3.2.Final/quarkus-resteasy-common-1.3.2.Final.jar:/home/pesilva/.m2/repository/org/jboss/resteasy/resteasy-core/4.5.3.Final/resteasy-core-4.5.3.Final.jar:/home/pesilva/.m2/repository/org/jboss/spec/javax/ws/rs/jboss-jaxrs-api_2.1_spec/2.0.1.Final/jboss-jaxrs-api_2.1_spec-2.0.1.Final.jar:/home/pesilva/.m2/repository/org/jboss/spec/javax/xml/bind/jboss-jaxb-api_2.3_spec/2.0.0.Final/jboss-jaxb-api_2.3_spec-2.0.0.Final.jar:/home/pesilva/.m2/repository/org/jboss/resteasy/resteasy-core-spi/4.5.3.Final/resteasy-core-spi-4.5.3.Final.jar:/home/pesilva/.m2/repository/org/reactivestreams/reactive-streams/1.0.3/reactive-streams-1.0.3.jar:/home/pesilva/.m2/repository/org/eclipse/microprofile/config/microprofile-config-api/1.4/microprofile-config-api-1.4.jar:/home/pesilva/.m2/repository/com/sun/activation/jakarta.activation/1.2.1/jakarta.activation-1.2.1.jar:/home/pesilva/.m2/repository/jakarta/validation/jakarta.validation-api/2.0.2/jakarta.validation-api-2.0.2.jar:/home/pesilva/.m2/repository/io/quarkus/quarkus-junit5/1.3.2.Final/quarkus-junit5-1.3.2.Final.jar:/home/pesilva/.m2/repository/io/quarkus/quarkus-bootstrap-core/1.3.2.Final/quarkus-bootstrap-core-1.3.2.Final.jar:/home/pesilva/.m2/repository/org/ow2/asm/asm/7.3.1/asm-7.3.1.jar:/home/pesilva/.m2/repository/org/apache/maven/maven-embedder/3.6.3/maven-embedder-3.6.3.jar:/home/pesilva/.m2/repository/org/apache/maven/maven-settings/3.6.3/maven-settings-3.6.3.jar:/home/pesilva/.m2/repository/org/apache/maven/maven-core/3.6.3/maven-core-3.6.3.jar:/home/pesilva/.m2/repository/org/apache/maven/maven-artifact/3.6.3/maven-artifact-3.6.3.jar:/home/pesilva/.m2/repository/org/codehaus/plexus/plexus-component-annotations/2.1.0/plexus-component-annotations-2.1.0.jar:/home/pesilva/.m2/repository/org/apache/maven/maven-plugin-api/3.6.3/maven-plugin-api-3.6.3.jar:/home/pesilva/.m2/repository/org/apache/maven/maven-model/3.6.3/maven-model-3.6.3.jar:/home/pesilva/.m2/repository/org/apache/maven/maven-model-builder/3.6.3/maven-model-builder-3.6.3.jar:/home/pesilva/.m2/repository/org/apache/maven/maven-builder-support/3.6.3/maven-builder-support-3.6.3.jar:/home/pesilva/.m2/repository/org/apache/maven/resolver/maven-resolver-api/1.4.1/maven-resolver-api-1.4.1.jar:/home/pesilva/.m2/repository/org/apache/maven/resolver/maven-resolver-util/1.4.1/maven-resolver-util-1.4.1.jar:/home/pesilva/.m2/repository/org/apache/maven/shared/maven-shared-utils/3.2.1/maven-shared-utils-3.2.1.jar:/home/pesilva/.m2/repository/com/google/inject/guice/4.2.1/guice-4.2.1-no_aop.jar:/home/pesilva/.m2/repository/com/google/guava/guava/27.0.1-jre/guava-27.0.1-jre.jar:/home/pesilva/.m2/repository/com/google/guava/failureaccess/1.0.1/failureaccess-1.0.1.jar:/home/pesilva/.m2/repository/com/google/guava/listenablefuture/9999.0-empty-to-avoid-conflict-with-guava/listenablefuture-9999.0-empty-to-avoid-conflict-with-guava.jar:/home/pesilva/.m2/repository/org/codehaus/plexus/plexus-utils/3.2.1/plexus-utils-3.2.1.jar:/home/pesilva/.m2/repository/org/eclipse/sisu/org.eclipse.sisu.plexus/0.3.4/org.eclipse.sisu.plexus-0.3.4.jar:/home/pesilva/.m2/repository/commons-cli/commons-cli/1.4/commons-cli-1.4.jar:/home/pesilva/.m2/repository/org/apache/maven/maven-settings-builder/3.6.3/maven-settings-builder-3.6.3.jar:/home/pesilva/.m2/repository/org/codehaus/plexus/plexus-interpolation/1.25/plexus-interpolation-1.25.jar:/home/pesilva/.m2/repository/org/sonatype/plexus/plexus-sec-dispatcher/1.4/plexus-sec-dispatcher-1.4.jar:/home/pesilva/.m2/repository/org/sonatype/plexus/plexus-cipher/1.4/plexus-cipher-1.4.jar:/home/pesilva/.m2/repository/org/apache/maven/maven-resolver-provider/3.6.3/maven-resolver-provider-3.6.3.jar:/home/pesilva/.m2/repository/org/apache/maven/maven-repository-metadata/3.6.3/maven-repository-metadata-3.6.3.jar:/home/pesilva/.m2/repository/org/apache/maven/resolver/maven-resolver-spi/1.4.1/maven-resolver-spi-1.4.1.jar:/home/pesilva/.m2/repository/org/apache/maven/resolver/maven-resolver-impl/1.4.1/maven-resolver-impl-1.4.1.jar:/home/pesilva/.m2/repository/org/apache/maven/resolver/maven-resolver-connector-basic/1.4.1/maven-resolver-connector-basic-1.4.1.jar:/home/pesilva/.m2/repository/org/apache/maven/resolver/maven-resolver-transport-wagon/1.4.1/maven-resolver-transport-wagon-1.4.1.jar:/home/pesilva/.m2/repository/org/apache/maven/wagon/wagon-http/3.3.4/wagon-http-3.3.4.jar:/home/pesilva/.m2/repository/org/apache/maven/wagon/wagon-http-shared/3.3.4/wagon-http-shared-3.3.4.jar:/home/pesilva/.m2/repository/org/jsoup/jsoup/1.12.1/jsoup-1.12.1.jar:/home/pesilva/.m2/repository/org/apache/maven/wagon/wagon-provider-api/3.3.4/wagon-provider-api-3.3.4.jar:/home/pesilva/.m2/repository/org/apache/maven/wagon/wagon-file/3.3.4/wagon-file-3.3.4.jar:/home/pesilva/.m2/repository/org/jboss/logging/jboss-logging/3.3.2.Final/jboss-logging-3.3.2.Final.jar:/home/pesilva/.m2/repository/org/jboss/logging/commons-logging-jboss-logging/1.0.0.Final/commons-logging-jboss-logging-1.0.0.Final.jar:/home/pesilva/.m2/repository/io/quarkus/quarkus-test-common/1.3.2.Final/quarkus-test-common-1.3.2.Final.jar:/home/pesilva/.m2/repository/io/quarkus/quarkus-core-deployment/1.3.2.Final/quarkus-core-deployment-1.3.2.Final.jar:/home/pesilva/.m2/repository/io/quarkus/gizmo/gizmo/1.0.2.Final/gizmo-1.0.2.Final.jar:/home/pesilva/.m2/repository/org/ow2/asm/asm-util/7.3.1/asm-util-7.3.1.jar:/home/pesilva/.m2/repository/org/ow2/asm/asm-tree/7.3.1/asm-tree-7.3.1.jar:/home/pesilva/.m2/repository/org/ow2/asm/asm-analysis/7.3.1/asm-analysis-7.3.1.jar:/home/pesilva/.m2/repository/io/quarkus/quarkus-builder/1.3.2.Final/quarkus-builder-1.3.2.Final.jar:/home/pesilva/.m2/repository/io/quarkus/quarkus-jsonp-deployment/1.3.2.Final/quarkus-jsonp-deployment-1.3.2.Final.jar:/home/pesilva/.m2/repository/org/jboss/jandex/2.1.3.Final/jandex-2.1.3.Final.jar:/home/pesilva/.m2/repository/org/junit/jupiter/junit-jupiter/5.6.0/junit-jupiter-5.6.0.jar:/home/pesilva/.m2/repository/org/junit/jupiter/junit-jupiter-api/5.6.0/junit-jupiter-api-5.6.0.jar:/home/pesilva/.m2/repository/org/apiguardian/apiguardian-api/1.1.0/apiguardian-api-1.1.0.jar:/home/pesilva/.m2/repository/org/opentest4j/opentest4j/1.2.0/opentest4j-1.2.0.jar:/home/pesilva/.m2/repository/org/junit/platform/junit-platform-commons/1.6.0/junit-platform-commons-1.6.0.jar:/home/pesilva/.m2/repository/org/junit/jupiter/junit-jupiter-params/5.6.0/junit-jupiter-params-5.6.0.jar:/home/pesilva/.m2/repository/org/junit/jupiter/junit-jupiter-engine/5.6.0/junit-jupiter-engine-5.6.0.jar:/home/pesilva/.m2/repository/org/junit/platform/junit-platform-engine/1.6.0/junit-platform-engine-1.6.0.jar:/home/pesilva/.m2/repository/io/quarkus/quarkus-core/1.3.2.Final/quarkus-core-1.3.2.Final.jar:/home/pesilva/.m2/repository/jakarta/annotation/jakarta.annotation-api/1.3.5/jakarta.annotation-api-1.3.5.jar:/home/pesilva/.m2/repository/jakarta/inject/jakarta.inject-api/1.0/jakarta.inject-api-1.0.jar:/home/pesilva/.m2/repository/io/smallrye/config/smallrye-config/1.7.0/smallrye-config-1.7.0.jar:/home/pesilva/.m2/repository/io/smallrye/config/smallrye-config-common/1.7.0/smallrye-config-common-1.7.0.jar:/home/pesilva/.m2/repository/org/jboss/logmanager/jboss-logmanager-embedded/1.0.4/jboss-logmanager-embedded-1.0.4.jar:/home/pesilva/.m2/repository/org/jboss/logging/jboss-logging-annotations/2.1.0.Final/jboss-logging-annotations-2.1.0.Final.jar:/home/pesilva/.m2/repository/org/jboss/threads/jboss-threads/3.0.1.Final/jboss-threads-3.0.1.Final.jar:/home/pesilva/.m2/repository/org/slf4j/slf4j-api/1.7.29/slf4j-api-1.7.29.jar:/home/pesilva/.m2/repository/org/jboss/slf4j/slf4j-jboss-logging/1.2.0.Final/slf4j-jboss-logging-1.2.0.Final.jar:/home/pesilva/.m2/repository/org/graalvm/sdk/graal-sdk/19.3.1/graal-sdk-19.3.1.jar:/home/pesilva/.m2/repository/org/wildfly/common/wildfly-common/1.5.4.Final-format-001/wildfly-common-1.5.4.Final-format-001.jar:/home/pesilva/.m2/repository/io/rest-assured/rest-assured/4.3.0/rest-assured-4.3.0.jar:/home/pesilva/.m2/repository/org/codehaus/groovy/groovy/3.0.2/groovy-3.0.2.jar:/home/pesilva/.m2/repository/org/codehaus/groovy/groovy-xml/3.0.2/groovy-xml-3.0.2.jar:/home/pesilva/.m2/repository/org/apache/httpcomponents/httpclient/4.5.11/httpclient-4.5.11.jar:/home/pesilva/.m2/repository/org/apache/httpcomponents/httpcore/4.4.13/httpcore-4.4.13.jar:/home/pesilva/.m2/repository/commons-codec/commons-codec/1.13/commons-codec-1.13.jar:/home/pesilva/.m2/repository/org/apache/httpcomponents/httpmime/4.5.3/httpmime-4.5.3.jar:/home/pesilva/.m2/repository/org/hamcrest/hamcrest/2.1/hamcrest-2.1.jar:/home/pesilva/.m2/repository/org/ccil/cowan/tagsoup/tagsoup/1.2.1/tagsoup-1.2.1.jar:/home/pesilva/.m2/repository/io/rest-assured/json-path/4.3.0/json-path-4.3.0.jar:/home/pesilva/.m2/repository/org/codehaus/groovy/groovy-json/3.0.2/groovy-json-3.0.2.jar:/home/pesilva/.m2/repository/io/rest-assured/rest-assured-common/4.3.0/rest-assured-common-4.3.0.jar:/home/pesilva/.m2/repository/io/rest-assured/xml-path/4.3.0/xml-path-4.3.0.jar:/home/pesilva/.m2/repository/org/apache/commons/commons-lang3/3.9/commons-lang3-3.9.jar:/home/pesilva/.m2/repository/jakarta/xml/bind/jakarta.xml.bind-api/2.3.2/jakarta.xml.bind-api-2.3.2.jar:/home/pesilva/.m2/repository/jakarta/activation/jakarta.activation-api/1.2.1/jakarta.activation-api-1.2.1.jar:/home/pesilva/.m2/repository/org/apache/sling/org.apache.sling.javax.activation/0.1.0/org.apache.sling.javax.activation-0.1.0.jar:/home/pesilva/.m2/repository/io/quarkus/quarkus-resteasy-jsonb/1.3.2.Final/quarkus-resteasy-jsonb-1.3.2.Final.jar:/home/pesilva/.m2/repository/io/quarkus/quarkus-jsonb/1.3.2.Final/quarkus-jsonb-1.3.2.Final.jar:/home/pesilva/.m2/repository/org/eclipse/yasson/1.0.6/yasson-1.0.6.jar:/home/pesilva/.m2/repository/io/quarkus/quarkus-jsonp/1.3.2.Final/quarkus-jsonp-1.3.2.Final.jar:/home/pesilva/.m2/repository/org/jboss/resteasy/resteasy-json-binding-provider/4.5.3.Final/resteasy-json-binding-provider-4.5.3.Final.jar:/home/pesilva/.m2/repository/org/glassfish/jakarta.json/1.1.6/jakarta.json-1.1.6.jar:/home/pesilva/.m2/repository/jakarta/json/bind/jakarta.json.bind-api/1.0.2/jakarta.json.bind-api-1.0.2.jar:/home/pesilva/.m2/repository/org/jboss/resteasy/resteasy-json-p-provider/4.5.3.Final/resteasy-json-p-provider-4.5.3.Final.jar:/home/pesilva/.m2/repository/commons-io/commons-io/2.6/commons-io-2.6.jar:/home/pesilva/.m2/repository/io/quarkus/quarkus-arc/1.3.2.Final/quarkus-arc-1.3.2.Final.jar:/home/pesilva/.m2/repository/io/quarkus/arc/arc/1.3.2.Final/arc-1.3.2.Final.jar:/home/pesilva/.m2/repository/jakarta/transaction/jakarta.transaction-api/1.3.3/jakarta.transaction-api-1.3.3.jar:/home/pesilva/.m2/repository/org/eclipse/microprofile/context-propagation/microprofile-context-propagation-api/1.0.1/microprofile-context-propagation-api-1.0.1.jar:"/>
    <property name="java.vm.vendor" value="Oracle Corporation"/>
    <property name="sun.arch.data.model" value="64"/>
    <property name="java.vendor.url" value="http://java.oracle.com/"/>
    <property name="user.timezone" value=""/>
    <property name="java.vm.specification.version" value="1.8"/>
    <property name="os.name" value="Linux"/>
    <property name="user.country" value="GB"/>
    <property name="sun.java.launcher" value="SUN_STANDARD"/>
    <property name="sun.boot.library.path" value="/opt/java/jdks/jdk1.8.0_251/jre/lib/amd64"/>
    <property name="sun.java.command" value="/opt/workspace/code/openshift-test/target/surefire/surefirebooter4115067497218320873.jar /opt/workspace/code/openshift-test/target/surefire 2020-05-18T18-27-45_122-jvmRun1 surefire2422679237781755954tmp surefire_02815575378780360524tmp"/>
    <property name="surefire.test.class.path" value="/opt/workspace/code/openshift-test/target/test-classes:/opt/workspace/code/openshift-test/target/classes:/home/pesilva/.m2/repository/io/quarkus/quarkus-resteasy/1.3.2.Final/quarkus-resteasy-1.3.2.Final.jar:/home/pesilva/.m2/repository/io/quarkus/quarkus-vertx-http/1.3.2.Final/quarkus-vertx-http-1.3.2.Final.jar:/home/pesilva/.m2/repository/io/quarkus/quarkus-development-mode-spi/1.3.2.Final/quarkus-development-mode-spi-1.3.2.Final.jar:/home/pesilva/.m2/repository/io/quarkus/security/quarkus-security/1.0.1.Final/quarkus-security-1.0.1.Final.jar:/home/pesilva/.m2/repository/jakarta/enterprise/jakarta.enterprise.cdi-api/2.0.2/jakarta.enterprise.cdi-api-2.0.2.jar:/home/pesilva/.m2/repository/jakarta/el/jakarta.el-api/3.0.3/jakarta.el-api-3.0.3.jar:/home/pesilva/.m2/repository/jakarta/interceptor/jakarta.interceptor-api/1.2.5/jakarta.interceptor-api-1.2.5.jar:/home/pesilva/.m2/repository/io/quarkus/quarkus-vertx-core/1.3.2.Final/quarkus-vertx-core-1.3.2.Final.jar:/home/pesilva/.m2/repository/io/quarkus/quarkus-netty/1.3.2.Final/quarkus-netty-1.3.2.Final.jar:/home/pesilva/.m2/repository/io/netty/netty-codec/4.1.45.Final/netty-codec-4.1.45.Final.jar:/home/pesilva/.m2/repository/io/netty/netty-handler/4.1.45.Final/netty-handler-4.1.45.Final.jar:/home/pesilva/.m2/repository/io/vertx/vertx-core/3.8.5/vertx-core-3.8.5.jar:/home/pesilva/.m2/repository/io/netty/netty-common/4.1.45.Final/netty-common-4.1.45.Final.jar:/home/pesilva/.m2/repository/io/netty/netty-buffer/4.1.45.Final/netty-buffer-4.1.45.Final.jar:/home/pesilva/.m2/repository/io/netty/netty-transport/4.1.45.Final/netty-transport-4.1.45.Final.jar:/home/pesilva/.m2/repository/io/netty/netty-handler-proxy/4.1.45.Final/netty-handler-proxy-4.1.45.Final.jar:/home/pesilva/.m2/repository/io/netty/netty-codec-socks/4.1.45.Final/netty-codec-socks-4.1.45.Final.jar:/home/pesilva/.m2/repository/io/netty/netty-codec-http/4.1.45.Final/netty-codec-http-4.1.45.Final.jar:/home/pesilva/.m2/repository/io/netty/netty-codec-http2/4.1.45.Final/netty-codec-http2-4.1.45.Final.jar:/home/pesilva/.m2/repository/io/netty/netty-resolver/4.1.45.Final/netty-resolver-4.1.45.Final.jar:/home/pesilva/.m2/repository/io/netty/netty-resolver-dns/4.1.45.Final/netty-resolver-dns-4.1.45.Final.jar:/home/pesilva/.m2/repository/io/netty/netty-codec-dns/4.1.45.Final/netty-codec-dns-4.1.45.Final.jar:/home/pesilva/.m2/repository/com/fasterxml/jackson/core/jackson-core/2.10.2/jackson-core-2.10.2.jar:/home/pesilva/.m2/repository/io/vertx/vertx-web/3.8.5/vertx-web-3.8.5.jar:/home/pesilva/.m2/repository/io/vertx/vertx-web-common/3.8.5/vertx-web-common-3.8.5.jar:/home/pesilva/.m2/repository/io/vertx/vertx-auth-common/3.8.5/vertx-auth-common-3.8.5.jar:/home/pesilva/.m2/repository/io/vertx/vertx-bridge-common/3.8.5/vertx-bridge-common-3.8.5.jar:/home/pesilva/.m2/repository/io/quarkus/quarkus-resteasy-server-common/1.3.2.Final/quarkus-resteasy-server-common-1.3.2.Final.jar:/home/pesilva/.m2/repository/io/quarkus/quarkus-resteasy-common/1.3.2.Final/quarkus-resteasy-common-1.3.2.Final.jar:/home/pesilva/.m2/repository/org/jboss/resteasy/resteasy-core/4.5.3.Final/resteasy-core-4.5.3.Final.jar:/home/pesilva/.m2/repository/org/jboss/spec/javax/ws/rs/jboss-jaxrs-api_2.1_spec/2.0.1.Final/jboss-jaxrs-api_2.1_spec-2.0.1.Final.jar:/home/pesilva/.m2/repository/org/jboss/spec/javax/xml/bind/jboss-jaxb-api_2.3_spec/2.0.0.Final/jboss-jaxb-api_2.3_spec-2.0.0.Final.jar:/home/pesilva/.m2/repository/org/jboss/resteasy/resteasy-core-spi/4.5.3.Final/resteasy-core-spi-4.5.3.Final.jar:/home/pesilva/.m2/repository/org/reactivestreams/reactive-streams/1.0.3/reactive-streams-1.0.3.jar:/home/pesilva/.m2/repository/org/eclipse/microprofile/config/microprofile-config-api/1.4/microprofile-config-api-1.4.jar:/home/pesilva/.m2/repository/com/sun/activation/jakarta.activation/1.2.1/jakarta.activation-1.2.1.jar:/home/pesilva/.m2/repository/jakarta/validation/jakarta.validation-api/2.0.2/jakarta.validation-api-2.0.2.jar:/home/pesilva/.m2/repository/io/quarkus/quarkus-junit5/1.3.2.Final/quarkus-junit5-1.3.2.Final.jar:/home/pesilva/.m2/repository/io/quarkus/quarkus-bootstrap-core/1.3.2.Final/quarkus-bootstrap-core-1.3.2.Final.jar:/home/pesilva/.m2/repository/org/ow2/asm/asm/7.3.1/asm-7.3.1.jar:/home/pesilva/.m2/repository/org/apache/maven/maven-embedder/3.6.3/maven-embedder-3.6.3.jar:/home/pesilva/.m2/repository/org/apache/maven/maven-settings/3.6.3/maven-settings-3.6.3.jar:/home/pesilva/.m2/repository/org/apache/maven/maven-core/3.6.3/maven-core-3.6.3.jar:/home/pesilva/.m2/repository/org/apache/maven/maven-artifact/3.6.3/maven-artifact-3.6.3.jar:/home/pesilva/.m2/repository/org/codehaus/plexus/plexus-component-annotations/2.1.0/plexus-component-annotations-2.1.0.jar:/home/pesilva/.m2/repository/org/apache/maven/maven-plugin-api/3.6.3/maven-plugin-api-3.6.3.jar:/home/pesilva/.m2/repository/org/apache/maven/maven-model/3.6.3/maven-model-3.6.3.jar:/home/pesilva/.m2/repository/org/apache/maven/maven-model-builder/3.6.3/maven-model-builder-3.6.3.jar:/home/pesilva/.m2/repository/org/apache/maven/maven-builder-support/3.6.3/maven-builder-support-3.6.3.jar:/home/pesilva/.m2/repository/org/apache/maven/resolver/maven-resolver-api/1.4.1/maven-resolver-api-1.4.1.jar:/home/pesilva/.m2/repository/org/apache/maven/resolver/maven-resolver-util/1.4.1/maven-resolver-util-1.4.1.jar:/home/pesilva/.m2/repository/org/apache/maven/shared/maven-shared-utils/3.2.1/maven-shared-utils-3.2.1.jar:/home/pesilva/.m2/repository/com/google/inject/guice/4.2.1/guice-4.2.1-no_aop.jar:/home/pesilva/.m2/repository/com/google/guava/guava/27.0.1-jre/guava-27.0.1-jre.jar:/home/pesilva/.m2/repository/com/google/guava/failureaccess/1.0.1/failureaccess-1.0.1.jar:/home/pesilva/.m2/repository/com/google/guava/listenablefuture/9999.0-empty-to-avoid-conflict-with-guava/listenablefuture-9999.0-empty-to-avoid-conflict-with-guava.jar:/home/pesilva/.m2/repository/org/codehaus/plexus/plexus-utils/3.2.1/plexus-utils-3.2.1.jar:/home/pesilva/.m2/repository/org/eclipse/sisu/org.eclipse.sisu.plexus/0.3.4/org.eclipse.sisu.plexus-0.3.4.jar:/home/pesilva/.m2/repository/commons-cli/commons-cli/1.4/commons-cli-1.4.jar:/home/pesilva/.m2/repository/org/apache/maven/maven-settings-builder/3.6.3/maven-settings-builder-3.6.3.jar:/home/pesilva/.m2/repository/org/codehaus/plexus/plexus-interpolation/1.25/plexus-interpolation-1.25.jar:/home/pesilva/.m2/repository/org/sonatype/plexus/plexus-sec-dispatcher/1.4/plexus-sec-dispatcher-1.4.jar:/home/pesilva/.m2/repository/org/sonatype/plexus/plexus-cipher/1.4/plexus-cipher-1.4.jar:/home/pesilva/.m2/repository/org/apache/maven/maven-resolver-provider/3.6.3/maven-resolver-provider-3.6.3.jar:/home/pesilva/.m2/repository/org/apache/maven/maven-repository-metadata/3.6.3/maven-repository-metadata-3.6.3.jar:/home/pesilva/.m2/repository/org/apache/maven/resolver/maven-resolver-spi/1.4.1/maven-resolver-spi-1.4.1.jar:/home/pesilva/.m2/repository/org/apache/maven/resolver/maven-resolver-impl/1.4.1/maven-resolver-impl-1.4.1.jar:/home/pesilva/.m2/repository/org/apache/maven/resolver/maven-resolver-connector-basic/1.4.1/maven-resolver-connector-basic-1.4.1.jar:/home/pesilva/.m2/repository/org/apache/maven/resolver/maven-resolver-transport-wagon/1.4.1/maven-resolver-transport-wagon-1.4.1.jar:/home/pesilva/.m2/repository/org/apache/maven/wagon/wagon-http/3.3.4/wagon-http-3.3.4.jar:/home/pesilva/.m2/repository/org/apache/maven/wagon/wagon-http-shared/3.3.4/wagon-http-shared-3.3.4.jar:/home/pesilva/.m2/repository/org/jsoup/jsoup/1.12.1/jsoup-1.12.1.jar:/home/pesilva/.m2/repository/org/apache/maven/wagon/wagon-provider-api/3.3.4/wagon-provider-api-3.3.4.jar:/home/pesilva/.m2/repository/org/apache/maven/wagon/wagon-file/3.3.4/wagon-file-3.3.4.jar:/home/pesilva/.m2/repository/org/jboss/logging/jboss-logging/3.3.2.Final/jboss-logging-3.3.2.Final.jar:/home/pesilva/.m2/repository/org/jboss/logging/commons-logging-jboss-logging/1.0.0.Final/commons-logging-jboss-logging-1.0.0.Final.jar:/home/pesilva/.m2/repository/io/quarkus/quarkus-test-common/1.3.2.Final/quarkus-test-common-1.3.2.Final.jar:/home/pesilva/.m2/repository/io/quarkus/quarkus-core-deployment/1.3.2.Final/quarkus-core-deployment-1.3.2.Final.jar:/home/pesilva/.m2/repository/io/quarkus/gizmo/gizmo/1.0.2.Final/gizmo-1.0.2.Final.jar:/home/pesilva/.m2/repository/org/ow2/asm/asm-util/7.3.1/asm-util-7.3.1.jar:/home/pesilva/.m2/repository/org/ow2/asm/asm-tree/7.3.1/asm-tree-7.3.1.jar:/home/pesilva/.m2/repository/org/ow2/asm/asm-analysis/7.3.1/asm-analysis-7.3.1.jar:/home/pesilva/.m2/repository/io/quarkus/quarkus-builder/1.3.2.Final/quarkus-builder-1.3.2.Final.jar:/home/pesilva/.m2/repository/io/quarkus/quarkus-jsonp-deployment/1.3.2.Final/quarkus-jsonp-deployment-1.3.2.Final.jar:/home/pesilva/.m2/repository/org/jboss/jandex/2.1.3.Final/jandex-2.1.3.Final.jar:/home/pesilva/.m2/repository/org/junit/jupiter/junit-jupiter/5.6.0/junit-jupiter-5.6.0.jar:/home/pesilva/.m2/repository/org/junit/jupiter/junit-jupiter-api/5.6.0/junit-jupiter-api-5.6.0.jar:/home/pesilva/.m2/repository/org/apiguardian/apiguardian-api/1.1.0/apiguardian-api-1.1.0.jar:/home/pesilva/.m2/repository/org/opentest4j/opentest4j/1.2.0/opentest4j-1.2.0.jar:/home/pesilva/.m2/repository/org/junit/platform/junit-platform-commons/1.6.0/junit-platform-commons-1.6.0.jar:/home/pesilva/.m2/repository/org/junit/jupiter/junit-jupiter-params/5.6.0/junit-jupiter-params-5.6.0.jar:/home/pesilva/.m2/repository/org/junit/jupiter/junit-jupiter-engine/5.6.0/junit-jupiter-engine-5.6.0.jar:/home/pesilva/.m2/repository/org/junit/platform/junit-platform-engine/1.6.0/junit-platform-engine-1.6.0.jar:/home/pesilva/.m2/repository/io/quarkus/quarkus-core/1.3.2.Final/quarkus-core-1.3.2.Final.jar:/home/pesilva/.m2/repository/jakarta/annotation/jakarta.annotation-api/1.3.5/jakarta.annotation-api-1.3.5.jar:/home/pesilva/.m2/repository/jakarta/inject/jakarta.inject-api/1.0/jakarta.inject-api-1.0.jar:/home/pesilva/.m2/repository/io/smallrye/config/smallrye-config/1.7.0/smallrye-config-1.7.0.jar:/home/pesilva/.m2/repository/io/smallrye/config/smallrye-config-common/1.7.0/smallrye-config-common-1.7.0.jar:/home/pesilva/.m2/repository/org/jboss/logmanager/jboss-logmanager-embedded/1.0.4/jboss-logmanager-embedded-1.0.4.jar:/home/pesilva/.m2/repository/org/jboss/logging/jboss-logging-annotations/2.1.0.Final/jboss-logging-annotations-2.1.0.Final.jar:/home/pesilva/.m2/repository/org/jboss/threads/jboss-threads/3.0.1.Final/jboss-threads-3.0.1.Final.jar:/home/pesilva/.m2/repository/org/slf4j/slf4j-api/1.7.29/slf4j-api-1.7.29.jar:/home/pesilva/.m2/repository/org/jboss/slf4j/slf4j-jboss-logging/1.2.0.Final/slf4j-jboss-logging-1.2.0.Final.jar:/home/pesilva/.m2/repository/org/graalvm/sdk/graal-sdk/19.3.1/graal-sdk-19.3.1.jar:/home/pesilva/.m2/repository/org/wildfly/common/wildfly-common/1.5.4.Final-format-001/wildfly-common-1.5.4.Final-format-001.jar:/home/pesilva/.m2/repository/io/rest-assured/rest-assured/4.3.0/rest-assured-4.3.0.jar:/home/pesilva/.m2/repository/org/codehaus/groovy/groovy/3.0.2/groovy-3.0.2.jar:/home/pesilva/.m2/repository/org/codehaus/groovy/groovy-xml/3.0.2/groovy-xml-3.0.2.jar:/home/pesilva/.m2/repository/org/apache/httpcomponents/httpclient/4.5.11/httpclient-4.5.11.jar:/home/pesilva/.m2/repository/org/apache/httpcomponents/httpcore/4.4.13/httpcore-4.4.13.jar:/home/pesilva/.m2/repository/commons-codec/commons-codec/1.13/commons-codec-1.13.jar:/home/pesilva/.m2/repository/org/apache/httpcomponents/httpmime/4.5.3/httpmime-4.5.3.jar:/home/pesilva/.m2/repository/org/hamcrest/hamcrest/2.1/hamcrest-2.1.jar:/home/pesilva/.m2/repository/org/ccil/cowan/tagsoup/tagsoup/1.2.1/tagsoup-1.2.1.jar:/home/pesilva/.m2/repository/io/rest-assured/json-path/4.3.0/json-path-4.3.0.jar:/home/pesilva/.m2/repository/org/codehaus/groovy/groovy-json/3.0.2/groovy-json-3.0.2.jar:/home/pesilva/.m2/repository/io/rest-assured/rest-assured-common/4.3.0/rest-assured-common-4.3.0.jar:/home/pesilva/.m2/repository/io/rest-assured/xml-path/4.3.0/xml-path-4.3.0.jar:/home/pesilva/.m2/repository/org/apache/commons/commons-lang3/3.9/commons-lang3-3.9.jar:/home/pesilva/.m2/repository/jakarta/xml/bind/jakarta.xml.bind-api/2.3.2/jakarta.xml.bind-api-2.3.2.jar:/home/pesilva/.m2/repository/jakarta/activation/jakarta.activation-api/1.2.1/jakarta.activation-api-1.2.1.jar:/home/pesilva/.m2/repository/org/apache/sling/org.apache.sling.javax.activation/0.1.0/org.apache.sling.javax.activation-0.1.0.jar:/home/pesilva/.m2/repository/io/quarkus/quarkus-resteasy-jsonb/1.3.2.Final/quarkus-resteasy-jsonb-1.3.2.Final.jar:/home/pesilva/.m2/repository/io/quarkus/quarkus-jsonb/1.3.2.Final/quarkus-jsonb-1.3.2.Final.jar:/home/pesilva/.m2/repository/org/eclipse/yasson/1.0.6/yasson-1.0.6.jar:/home/pesilva/.m2/repository/io/quarkus/quarkus-jsonp/1.3.2.Final/quarkus-jsonp-1.3.2.Final.jar:/home/pesilva/.m2/repository/org/jboss/resteasy/resteasy-json-binding-provider/4.5.3.Final/resteasy-json-binding-provider-4.5.3.Final.jar:/home/pesilva/.m2/repository/org/glassfish/jakarta.json/1.1.6/jakarta.json-1.1.6.jar:/home/pesilva/.m2/repository/jakarta/json/bind/jakarta.json.bind-api/1.0.2/jakarta.json.bind-api-1.0.2.jar:/home/pesilva/.m2/repository/org/jboss/resteasy/resteasy-json-p-provider/4.5.3.Final/resteasy-json-p-provider-4.5.3.Final.jar:/home/pesilva/.m2/repository/commons-io/commons-io/2.6/commons-io-2.6.jar:/home/pesilva/.m2/repository/io/quarkus/quarkus-arc/1.3.2.Final/quarkus-arc-1.3.2.Final.jar:/home/pesilva/.m2/repository/io/quarkus/arc/arc/1.3.2.Final/arc-1.3.2.Final.jar:/home/pesilva/.m2/repository/jakarta/transaction/jakarta.transaction-api/1.3.3/jakarta.transaction-api-1.3.3.jar:/home/pesilva/.m2/repository/org/eclipse/microprofile/context-propagation/microprofile-context-propagation-api/1.0.1/microprofile-context-propagation-api-1.0.1.jar:"/>
    <property name="sun.cpu.endian" value="little"/>
    <property name="user.home" value="/home/pesilva"/>
    <property name="user.language" value="en"/>
    <property name="java.specification.vendor" value="Oracle Corporation"/>
    <property name="java.home" value="/opt/java/jdks/jdk1.8.0_251/jre"/>
    <property name="basedir" value="/opt/workspace/code/openshift-test"/>
    <property name="file.separator" value="/"/>
    <property name="line.separator" value="&#10;"/>
    <property name="java.vm.specification.vendor" value="Oracle Corporation"/>
    <property name="java.specification.name" value="Java Platform API Specification"/>
    <property name="java.awt.graphicsenv" value="sun.awt.X11GraphicsEnvironment"/>
    <property name="surefire.real.class.path" value="/opt/workspace/code/openshift-test/target/surefire/surefirebooter4115067497218320873.jar"/>
    <property name="sun.boot.class.path" value="/opt/java/jdks/jdk1.8.0_251/jre/lib/resources.jar:/opt/java/jdks/jdk1.8.0_251/jre/lib/rt.jar:/opt/java/jdks/jdk1.8.0_251/jre/lib/sunrsasign.jar:/opt/java/jdks/jdk1.8.0_251/jre/lib/jsse.jar:/opt/java/jdks/jdk1.8.0_251/jre/lib/jce.jar:/opt/java/jdks/jdk1.8.0_251/jre/lib/charsets.jar:/opt/java/jdks/jdk1.8.0_251/jre/lib/jfr.jar:/opt/java/jdks/jdk1.8.0_251/jre/classes"/>
    <property name="sun.management.compiler" value="HotSpot 64-Bit Tiered Compilers"/>
    <property name="java.runtime.version" value="1.8.0_251-b08"/>
    <property name="user.name" value="pesilva"/>
    <property name="path.separator" value=":"/>
    <property name="os.version" value="5.6.8-200.fc31.x86_64"/>
    <property name="java.endorsed.dirs" value="/opt/java/jdks/jdk1.8.0_251/jre/lib/endorsed"/>
    <property name="java.runtime.name" value="Java(TM) SE Runtime Environment"/>
    <property name="file.encoding" value="UTF-8"/>
    <property name="java.vm.name" value="Java HotSpot(TM) 64-Bit Server VM"/>
    <property name="localRepository" value="/home/pesilva/.m2/repository"/>
    <property name="java.vendor.url.bug" value="http://bugreport.sun.com/bugreport/"/>
    <property name="java.io.tmpdir" value="/tmp"/>
    <property name="java.version" value="1.8.0_251"/>
    <property name="user.dir" value="/opt/workspace/code/openshift-test"/>
    <property name="os.arch" value="amd64"/>
    <property name="java.vm.specification.name" value="Java Virtual Machine Specification"/>
    <property name="java.awt.printerjob" value="sun.print.PSPrinterJob"/>
    <property name="sun.os.patch.level" value="unknown"/>
    <property name="java.util.logging.manager" value="org.jboss.logmanager.LogManager"/>
    <property name="java.library.path" value="/usr/java/packages/lib/amd64:/usr/lib64:/lib64:/lib:/usr/lib"/>
    <property name="java.vm.info" value="mixed mode"/>
    <property name="java.vendor" value="Oracle Corporation"/>
    <property name="java.vm.version" value="25.251-b08"/>
    <property name="java.ext.dirs" value="/opt/java/jdks/jdk1.8.0_251/jre/lib/ext:/usr/java/packages/lib/ext"/>
    <property name="sun.io.unicode.encoding" value="UnicodeLittle"/>
    <property name="java.class.version" value="52.0"/>
  </properties>
  <testcase name="testHelloEndpoint" classname="org.acme.ExampleResourceTest" time="3.31"/>
</testsuite>